# project  configured on Mon Aug 27 21:29:10 2018 by
# waf 1.7.11 (abi 98, python 2070df0 on linux2)
# using /home/zhukov/.pebble-sdk/SDKs/current/sdk-core/pebble/waf configure
#
----------------------------------------
Setting top to
/home/zhukov/Projects/rebble/helloworld
----------------------------------------
Setting out to
/home/zhukov/Projects/rebble/helloworld/build
----------------------------------------
Checking for program webpack
/home/zhukov/.pebble-sdk/SDKs/current/node_modules/.bin/webpack
find program=['webpack'] paths=['/home/zhukov/.pebble-sdk/SDKs/current/node_modules/.bin'] var='WEBPACK' -> '/home/zhukov/.pebble-sdk/SDKs/current/node_modules/.bin/webpack'
----------------------------------------
Checking for program node,nodejs
/home/zhukov/.nvm/versions/node/v10.9.0/bin/node
find program=['node', 'nodejs'] paths=['/home/zhukov/Projects/rebble/pebble-sdk-4.5-linux64/arm-cs-tools/bin', '/home/zhukov/Projects/rebble/pebble-sdk-4.5-linux64/bin', '/home/zhukov/.nvm/versions/node/v10.9.0/bin', '/home/zhukov/Tools/pyenv/shims', '/home/zhukov/Tools/pyenv/bin', '/usr/local/sbin', '/usr/local/bin', '/usr/sbin', '/usr/bin', '/sbin', '/bin', '/usr/games', '/usr/local/games', '.', '/usr/local/go/bin', '/home/zhukov/Projects/go/bin', '/home/zhukov/Projects/senior/esp/xtensa-esp32-elf/bin', '/home/zhukov/Projects/musicget', '/home/zhukov/Projects/rebble/pebble-sdk-4.5-linux64/bin'] var='NODE' -> '/home/zhukov/.nvm/versions/node/v10.9.0/bin/node'
----------------------------------------
Found Pebble SDK for emery in:
/home/zhukov/.pebble-sdk/SDKs/current/sdk-core/pebble/emery
----------------------------------------
Checking for program gcc,cc
arm-none-eabi-gcc
find program=['gcc', 'cc'] paths='' var='CC' -> 'arm-none-eabi-gcc'
----------------------------------------
Checking for program ar
arm-none-eabi-ar
find program=['ar'] paths='' var='AR' -> 'arm-none-eabi-ar'
----------------------------------------
Found Pebble SDK for diorite in:
/home/zhukov/.pebble-sdk/SDKs/current/sdk-core/pebble/diorite
----------------------------------------
Checking for program gcc,cc
arm-none-eabi-gcc
find program=['gcc', 'cc'] paths='' var='CC' -> 'arm-none-eabi-gcc'
----------------------------------------
Checking for program ar
arm-none-eabi-ar
find program=['ar'] paths='' var='AR' -> 'arm-none-eabi-ar'
----------------------------------------
Found Pebble SDK for chalk in:
/home/zhukov/.pebble-sdk/SDKs/current/sdk-core/pebble/chalk
----------------------------------------
Checking for program gcc,cc
arm-none-eabi-gcc
find program=['gcc', 'cc'] paths='' var='CC' -> 'arm-none-eabi-gcc'
----------------------------------------
Checking for program ar
arm-none-eabi-ar
find program=['ar'] paths='' var='AR' -> 'arm-none-eabi-ar'
----------------------------------------
Found Pebble SDK for basalt in:
/home/zhukov/.pebble-sdk/SDKs/current/sdk-core/pebble/basalt
----------------------------------------
Checking for program gcc,cc
arm-none-eabi-gcc
find program=['gcc', 'cc'] paths='' var='CC' -> 'arm-none-eabi-gcc'
----------------------------------------
Checking for program ar
arm-none-eabi-ar
find program=['ar'] paths='' var='AR' -> 'arm-none-eabi-ar'
